2018/03/19 17:54:08 INFO  : Starting bandwidth limiter at 100kBytes/s
2018/03/19 17:54:09 INFO  : Yandex test: Modify window is 1ns
2018/03/19 17:54:10 INFO  : Yandex test: Waiting for checks to finish
2018/03/19 17:54:10 INFO  : Yandex test: Waiting for transfers to finish
2018/03/19 17:54:11 INFO  : 585-cluster-balance-v1-network-32.png: Copied (new)
2018/03/19 17:54:12 INFO  : 585-cluster-balance-v1-network-33.png: Copied (new)
2018/03/19 17:54:13 INFO  : 585-cluster-balance-v1-network-traffic.png: Copied (new)
2018/03/19 17:54:13 INFO  : Beautex-v1-apache-request.png: Copied (new)
2018/03/19 17:54:15 INFO  : Beautex-v1-cpu-general.png: Copied (new)
2018/03/19 17:54:15 INFO  : Beautex-v1-cpu-utilization.png: Copied (new)
2018/03/19 17:54:15 INFO  : Waiting for deletions to finish
2018/03/19 17:54:16 INFO  : 111-222.log: Deleted
2018/03/19 17:54:16 INFO  : nxs-storage-sync.log: Deleted
2018/03/19 17:54:16 INFO  : 3/33/1: Deleted
2018/03/19 17:54:16 INFO  : 3/22/3: Deleted
2018/03/19 17:54:16 INFO  : 1: Deleted
2018/03/19 17:54:16 INFO  : 111-333.log: Deleted
2018/03/19 17:54:16 INFO  : 3/33/2: Deleted
2018/03/19 17:54:17 INFO  : 3/22/1: Deleted
2018/03/19 17:54:17 INFO  : 3/22/2: Deleted
2018/03/19 17:54:17 INFO  : 3/33/3: Deleted
2018/03/19 17:54:17 INFO  : test-file: Deleted
2018/03/19 17:54:17 INFO  : 3/22/1500785442199368569.jpg: Deleted
2018/03/19 17:54:17 INFO  : 2/22/1: Deleted
2018/03/19 17:54:17 INFO  : 2/22/2: Deleted
2018/03/19 17:54:18 INFO  : 2/22/3: Deleted
2018/03/19 17:54:21 INFO  : 
Transferred:   424.786 kBytes (33.012 kBytes/s)
Errors:                 0
Checks:                15
Transferred:            6
Elapsed time:       12.8s

2018/03/19 17:54:32 INFO  : Starting bandwidth limiter at 100kBytes/s
2018/03/19 17:54:33 INFO  : Yandex test: Modify window is 1ns
2018/03/19 17:54:33 INFO  : Yandex test: Waiting for checks to finish
2018/03/19 17:54:33 INFO  : Yandex test: Waiting for transfers to finish
2018/03/19 17:54:33 INFO  : Waiting for deletions to finish
2018/03/19 17:54:33 INFO  : 
Transferred:      0 Bytes (0 Bytes/s)
Errors:                 0
Checks:                 6
Transferred:            0
Elapsed time:        1.3s

2018/03/19 18:39:20 INFO  : Starting bandwidth limiter at 100kBytes/s
2018/03/19 18:39:21 INFO  : Yandex test: Modify window is 1ns
2018/03/19 18:39:21 INFO  : Yandex test: Waiting for checks to finish
2018/03/19 18:39:21 INFO  : Yandex test: Waiting for transfers to finish
2018/03/19 18:39:21 INFO  : Waiting for deletions to finish
2018/03/19 18:39:21 INFO  : 
Transferred:      0 Bytes (0 Bytes/s)
Errors:                 0
Checks:                 6
Transferred:            0
Elapsed time:       900ms

2018/03/19 18:40:35 INFO  : Starting bandwidth limiter at 100kBytes/s
2018/03/19 18:40:35 INFO  : Yandex test: Modify window is 1ns
2018/03/19 18:40:36 INFO  : Yandex test: Waiting for checks to finish
2018/03/19 18:40:36 INFO  : Yandex test: Waiting for transfers to finish
2018/03/19 18:40:36 INFO  : Waiting for deletions to finish
2018/03/19 18:40:36 INFO  : 
Transferred:      0 Bytes (0 Bytes/s)
Errors:                 0
Checks:                 6
Transferred:            0
Elapsed time:        1.2s

2018/03/19 18:40:39 INFO  : Starting bandwidth limiter at 100kBytes/s
2018/03/19 18:40:40 INFO  : Yandex test: Modify window is 1ns
2018/03/19 18:40:40 INFO  : Yandex test: Waiting for checks to finish
2018/03/19 18:40:40 INFO  : Yandex test: Waiting for transfers to finish
2018/03/19 18:40:40 INFO  : Waiting for deletions to finish
2018/03/19 18:40:40 INFO  : 
Transferred:      0 Bytes (0 Bytes/s)
Errors:                 0
Checks:                 6
Transferred:            0
Elapsed time:        1.1s

2018/03/19 18:43:13 INFO  : Starting bandwidth limiter at 100kBytes/s
2018/03/19 18:43:14 INFO  : Yandex test: Modify window is 1ns
2018/03/19 18:43:14 INFO  : Yandex test: Waiting for checks to finish
2018/03/19 18:43:14 INFO  : Yandex test: Waiting for transfers to finish
2018/03/19 18:43:14 INFO  : Waiting for deletions to finish
2018/03/19 18:43:14 INFO  : 
Transferred:      0 Bytes (0 Bytes/s)
Errors:                 0
Checks:                 6
Transferred:            0
Elapsed time:          1s

2018/03/19 18:43:27 INFO  : Starting bandwidth limiter at 100kBytes/s
2018/03/19 18:43:28 INFO  : Yandex test: Modify window is 1ns
2018/03/19 18:43:28 INFO  : Yandex test: Waiting for checks to finish
2018/03/19 18:43:28 INFO  : Yandex test: Waiting for transfers to finish
2018/03/19 18:43:28 INFO  : Waiting for deletions to finish
2018/03/19 18:43:28 INFO  : 
Transferred:      0 Bytes (0 Bytes/s)
Errors:                 0
Checks:                 6
Transferred:            0
Elapsed time:          1s

2018/03/19 18:43:30 INFO  : Starting bandwidth limiter at 100kBytes/s
2018/03/19 18:43:31 INFO  : Yandex test: Modify window is 1ns
2018/03/19 18:43:31 INFO  : Yandex test: Waiting for checks to finish
2018/03/19 18:43:31 INFO  : Yandex test: Waiting for transfers to finish
2018/03/19 18:43:31 INFO  : Waiting for deletions to finish
2018/03/19 18:43:31 INFO  : 
Transferred:      0 Bytes (0 Bytes/s)
Errors:                 0
Checks:                 6
Transferred:            0
Elapsed time:          1s

2018/03/19 18:43:33 INFO  : Starting bandwidth limiter at 100kBytes/s
2018/03/19 18:43:33 INFO  : Yandex test: Modify window is 1ns
2018/03/19 18:43:34 INFO  : Yandex test: Waiting for checks to finish
2018/03/19 18:43:34 INFO  : Yandex test: Waiting for transfers to finish
2018/03/19 18:43:34 INFO  : Waiting for deletions to finish
2018/03/19 18:43:34 INFO  : 
Transferred:      0 Bytes (0 Bytes/s)
Errors:                 0
Checks:                 6
Transferred:            0
Elapsed time:          1s

2018/03/19 18:45:45 INFO  : Starting bandwidth limiter at 100kBytes/s
2018/03/19 18:45:46 INFO  : Yandex test: Modify window is 1ns
2018/03/19 18:45:46 INFO  : Yandex test: Waiting for checks to finish
2018/03/19 18:45:46 INFO  : Yandex test: Waiting for transfers to finish
2018/03/19 18:45:46 INFO  : Waiting for deletions to finish
2018/03/19 18:45:46 INFO  : 
Transferred:      0 Bytes (0 Bytes/s)
Errors:                 0
Checks:                 6
Transferred:            0
Elapsed time:       900ms

2018/03/19 18:45:47 INFO  : Starting bandwidth limiter at 100kBytes/s
2018/03/19 18:45:48 INFO  : Yandex test: Modify window is 1ns
2018/03/19 18:45:48 INFO  : Yandex test: Waiting for checks to finish
2018/03/19 18:45:48 INFO  : Yandex test: Waiting for transfers to finish
2018/03/19 18:45:48 INFO  : Waiting for deletions to finish
2018/03/19 18:45:48 INFO  : 
Transferred:      0 Bytes (0 Bytes/s)
Errors:                 0
Checks:                 6
Transferred:            0
Elapsed time:        1.1s

2018/03/19 18:46:21 INFO  : Starting bandwidth limiter at 100kBytes/s
2018/03/19 18:46:22 INFO  : Yandex test: Modify window is 1ns
2018/03/19 18:46:22 INFO  : Yandex test: Waiting for checks to finish
2018/03/19 18:46:22 INFO  : Yandex test: Waiting for transfers to finish
2018/03/19 18:46:22 INFO  : Waiting for deletions to finish
2018/03/19 18:46:22 INFO  : 
Transferred:      0 Bytes (0 Bytes/s)
Errors:                 0
Checks:                 6
Transferred:            0
Elapsed time:          1s

2018/03/19 18:46:46 INFO  : Starting bandwidth limiter at 100kBytes/s
2018/03/19 18:46:47 INFO  : Yandex test: Modify window is 1ns
2018/03/19 18:46:48 INFO  : Yandex test: Waiting for checks to finish
2018/03/19 18:46:48 INFO  : Yandex test: Waiting for transfers to finish
2018/03/19 18:46:48 INFO  : Waiting for deletions to finish
2018/03/19 18:46:48 INFO  : 
Transferred:      0 Bytes (0 Bytes/s)
Errors:                 0
Checks:                 6
Transferred:            0
Elapsed time:        1.3s

2018/03/19 18:46:56 INFO  : Starting bandwidth limiter at 100kBytes/s
2018/03/19 18:46:57 INFO  : Yandex test: Modify window is 1ns
2018/03/19 18:46:57 INFO  : Yandex test: Waiting for checks to finish
2018/03/19 18:46:57 INFO  : Yandex test: Waiting for transfers to finish
2018/03/19 18:46:57 INFO  : Waiting for deletions to finish
2018/03/19 18:46:57 INFO  : 
Transferred:      0 Bytes (0 Bytes/s)
Errors:                 0
Checks:                 6
Transferred:            0
Elapsed time:        1.1s

2018/03/19 18:47:01 INFO  : Starting bandwidth limiter at 100kBytes/s
2018/03/19 18:47:02 INFO  : Yandex test: Modify window is 1ns
2018/03/19 18:47:02 INFO  : Yandex test: Waiting for checks to finish
2018/03/19 18:47:02 INFO  : Yandex test: Waiting for transfers to finish
2018/03/19 18:47:02 INFO  : Waiting for deletions to finish
2018/03/19 18:47:02 INFO  : 
Transferred:      0 Bytes (0 Bytes/s)
Errors:                 0
Checks:                 6
Transferred:            0
Elapsed time:       900ms

2018/03/19 18:47:07 INFO  : Starting bandwidth limiter at 100kBytes/s
2018/03/19 18:47:08 INFO  : Yandex test: Modify window is 1ns
2018/03/19 18:47:08 INFO  : Yandex test: Waiting for checks to finish
2018/03/19 18:47:08 INFO  : Yandex test: Waiting for transfers to finish
2018/03/19 18:47:08 INFO  : Waiting for deletions to finish
2018/03/19 18:47:08 INFO  : 
Transferred:      0 Bytes (0 Bytes/s)
Errors:                 0
Checks:                 6
Transferred:            0
Elapsed time:       900ms

2018/03/19 18:47:34 INFO  : Starting bandwidth limiter at 100kBytes/s
2018/03/19 18:47:35 INFO  : Yandex test: Modify window is 1ns
2018/03/19 18:47:35 INFO  : Yandex test: Waiting for checks to finish
2018/03/19 18:47:35 INFO  : Yandex test: Waiting for transfers to finish
2018/03/19 18:47:35 INFO  : Waiting for deletions to finish
2018/03/19 18:47:35 INFO  : 
Transferred:      0 Bytes (0 Bytes/s)
Errors:                 0
Checks:                 6
Transferred:            0
Elapsed time:        1.2s

2018/03/19 18:47:50 INFO  : Starting bandwidth limiter at 100kBytes/s
2018/03/19 18:47:51 INFO  : Yandex test: Modify window is 1ns
2018/03/19 18:47:51 INFO  : Yandex test: Waiting for checks to finish
2018/03/19 18:47:51 INFO  : Yandex test: Waiting for transfers to finish
2018/03/19 18:47:51 INFO  : Waiting for deletions to finish
2018/03/19 18:47:51 INFO  : 
Transferred:      0 Bytes (0 Bytes/s)
Errors:                 0
Checks:                 6
Transferred:            0
Elapsed time:       800ms

2018/03/19 18:47:53 INFO  : Starting bandwidth limiter at 100kBytes/s
2018/03/19 18:47:54 INFO  : Yandex test: Modify window is 1ns
2018/03/19 18:47:54 INFO  : Yandex test: Waiting for checks to finish
2018/03/19 18:47:54 INFO  : Yandex test: Waiting for transfers to finish
2018/03/19 18:47:54 INFO  : Waiting for deletions to finish
2018/03/19 18:47:54 INFO  : 
Transferred:      0 Bytes (0 Bytes/s)
Errors:                 0
Checks:                 6
Transferred:            0
Elapsed time:          1s

2018/03/19 18:48:26 INFO  : Starting bandwidth limiter at 100kBytes/s
2018/03/19 18:48:27 INFO  : Yandex test: Modify window is 1ns
2018/03/19 18:48:28 INFO  : Yandex test: Waiting for checks to finish
2018/03/19 18:48:28 INFO  : Yandex test: Waiting for transfers to finish
2018/03/19 18:48:28 INFO  : Waiting for deletions to finish
2018/03/19 18:48:28 INFO  : 
Transferred:      0 Bytes (0 Bytes/s)
Errors:                 0
Checks:                 6
Transferred:            0
Elapsed time:        1.1s

2018/03/19 18:48:38 INFO  : Starting bandwidth limiter at 100kBytes/s
2018/03/19 18:48:39 INFO  : Yandex test: Modify window is 1ns
2018/03/19 18:48:39 INFO  : Yandex test: Waiting for checks to finish
2018/03/19 18:48:39 INFO  : Yandex test: Waiting for transfers to finish
2018/03/19 18:48:39 INFO  : Waiting for deletions to finish
2018/03/19 18:48:39 INFO  : 
Transferred:      0 Bytes (0 Bytes/s)
Errors:                 0
Checks:                 6
Transferred:            0
Elapsed time:        1.1s

2018/03/19 18:48:40 INFO  : Starting bandwidth limiter at 100kBytes/s
2018/03/19 18:48:41 INFO  : Yandex test: Modify window is 1ns
2018/03/19 18:48:41 INFO  : Yandex test: Waiting for checks to finish
2018/03/19 18:48:41 INFO  : Yandex test: Waiting for transfers to finish
2018/03/19 18:48:41 INFO  : Waiting for deletions to finish
2018/03/19 18:48:41 INFO  : 
Transferred:      0 Bytes (0 Bytes/s)
Errors:                 0
Checks:                 6
Transferred:            0
Elapsed time:          1s

2018/03/19 18:48:45 INFO  : Starting bandwidth limiter at 100kBytes/s
2018/03/19 18:48:46 INFO  : Yandex test: Modify window is 1ns
2018/03/19 18:48:47 INFO  : Yandex test: Waiting for checks to finish
2018/03/19 18:48:47 INFO  : Yandex test: Waiting for transfers to finish
2018/03/19 18:48:47 INFO  : Waiting for deletions to finish
2018/03/19 18:48:47 INFO  : 
Transferred:      0 Bytes (0 Bytes/s)
Errors:                 0
Checks:                 6
Transferred:            0
Elapsed time:        1.2s

2018/03/19 18:48:53 INFO  : Starting bandwidth limiter at 100kBytes/s
2018/03/19 18:48:53 INFO  : Yandex test: Modify window is 1ns
2018/03/19 18:48:54 INFO  : Yandex test: Waiting for checks to finish
2018/03/19 18:48:54 INFO  : Yandex test: Waiting for transfers to finish
2018/03/19 18:48:54 INFO  : Waiting for deletions to finish
2018/03/19 18:48:54 INFO  : 
Transferred:      0 Bytes (0 Bytes/s)
Errors:                 0
Checks:                 6
Transferred:            0
Elapsed time:          1s

2018/03/19 19:27:35 INFO  : Starting bandwidth limiter at 100kBytes/s
2018/03/19 19:27:36 INFO  : Yandex test: Modify window is 1ns
2018/03/19 19:27:36 INFO  : Yandex test: Waiting for checks to finish
2018/03/19 19:27:36 INFO  : Yandex test: Waiting for transfers to finish
2018/03/19 19:27:36 INFO  : Waiting for deletions to finish
2018/03/19 19:27:36 INFO  : 
Transferred:      0 Bytes (0 Bytes/s)
Errors:                 0
Checks:                 6
Transferred:            0
Elapsed time:          1s

